<?xml version="1.0" encoding="UTF-8"?>
<!-- Generated by org.testng.reporters.JUnitReportReporter -->
<testsuite hostname="LAPTOP-9REF4ALR" failures="0" tests="1" name="pkg3.ValidateStatusCode" time="3.508" errors="0" timestamp="2023-02-11T12:57:09 IST" skipped="0">
  <testcase classname="pkg3.ValidateStatusCode" name="StatusCodeValidation" time="3.508"/>
  <system-out/>
</testsuite> <!-- pkg3.ValidateStatusCode -->
