<?xml version="1.0" encoding="UTF-8"?>
<!-- Generated by org.testng.reporters.JUnitReportReporter -->
<testsuite hostname="LAPTOP-9REF4ALR" failures="0" tests="1" name="pkg3.GetRequest" time="3.290" errors="0" timestamp="2023-02-21T15:44:54 IST" skipped="0">
  <testcase classname="pkg3.GetRequest" name="GetBookdetails" time="3.290"/>
  <system-out/>
</testsuite> <!-- pkg3.GetRequest -->
