<?xml version="1.0" encoding="UTF-8"?>
<!-- Generated by org.testng.reporters.JUnitReportReporter -->
<testsuite hostname="LAPTOP-9REF4ALR" failures="0" tests="1" name="pkg1.SumValidation" time="1.028" errors="0" timestamp="2023-02-08T11:49:48 IST" skipped="0">
  <testcase classname="pkg1.SumValidation" name="Validation" time="1.028"/>
  <system-out/>
</testsuite> <!-- pkg1.SumValidation -->
