<?xml version="1.0" encoding="UTF-8"?>
<!-- Generated by org.testng.reporters.JUnitReportReporter -->
<testsuite hostname="LAPTOP-9REF4ALR" failures="0" tests="1" name="pkg2.RestAssuredApiTest" time="4.832" errors="0" timestamp="2023-02-21T15:43:32 IST" skipped="0">
  <testcase classname="pkg2.RestAssuredApiTest" name="GetBookDetails" time="4.832"/>
  <system-out/>
</testsuite> <!-- pkg2.RestAssuredApiTest -->
