<?xml version="1.0" encoding="UTF-8"?>
<!-- Generated by org.testng.reporters.JUnitReportReporter -->
<testsuite hostname="LAPTOP-9REF4ALR" failures="0" tests="4" name="file.DynamicJson" time="3.324" errors="0" timestamp="2023-02-21T15:40:20 IST" skipped="0">
  <testcase classname="file.DynamicJson" name="AddBook" time="0.327"/>
  <system-out/>
  <testcase classname="file.DynamicJson" name="AddBook" time="2.188"/>
  <system-out/>
  <testcase classname="file.DynamicJson" name="AddBook" time="0.401"/>
  <system-out/>
  <testcase classname="file.DynamicJson" name="AddBook" time="0.408"/>
  <system-out/>
</testsuite> <!-- file.DynamicJson -->
